\BOOKMARK [1][-]{section.1}{\376\377\000O\000v\000e\000r\000v\000i\000e\000w\000\040\000/\000\040\151\202\217\360}{}% 1
\BOOKMARK [1][-]{section.2}{\376\377\000S\000t\000a\000t\000e\000\040\000D\000e\000f\000i\000n\000i\000t\000i\000o\000n\000s\000\040\000/\000\040\162\266\140\001\133\232\116\111}{}% 2
\BOOKMARK [2][-]{subsection.2.1}{\376\377\000N\000o\000m\000i\000n\000a\000l\000\040\000S\000t\000a\000t\000e\000\040\000\050\0001\0006\000D\000\051\000\040\000/\000\040\124\015\116\111\162\266\140\001\377\010\0001\0006\176\364\377\011}{section.2}% 3
\BOOKMARK [2][-]{subsection.2.2}{\376\377\000E\000r\000r\000o\000r\000\040\000S\000t\000a\000t\000e\000\040\000\050\0001\0005\000D\000\051\000\040\000/\000\040\213\357\135\356\162\266\140\001\377\010\0001\0005\176\364\377\011}{section.2}% 4
\BOOKMARK [1][-]{section.3}{\376\377\000I\000M\000U\000\040\000C\000o\000n\000t\000i\000n\000u\000o\000u\000s\000\040\000D\000y\000n\000a\000m\000i\000c\000s\000\040\000/\000\040\000I\000M\000U\000\040\217\336\176\355\145\366\225\364\122\250\122\233\133\146}{}% 5
\BOOKMARK [2][-]{subsection.3.1}{\376\377\000N\000o\000m\000i\000n\000a\000l\000\040\000P\000o\000s\000i\000t\000i\000o\000n\000\040\000/\000\040\124\015\116\111\117\115\177\156}{section.3}% 6
\BOOKMARK [2][-]{subsection.3.2}{\376\377\000N\000o\000m\000i\000n\000a\000l\000\040\000V\000e\000l\000o\000c\000i\000t\000y\000\040\000/\000\040\124\015\116\111\220\037\136\246}{section.3}% 7
\BOOKMARK [2][-]{subsection.3.3}{\376\377\000N\000o\000m\000i\000n\000a\000l\000\040\000A\000t\000t\000i\000t\000u\000d\000e\000\040\000/\000\040\124\015\116\111\131\377\140\001}{section.3}% 8
\BOOKMARK [2][-]{subsection.3.4}{\376\377\000B\000i\000a\000s\000\040\000D\000r\000i\000f\000t\000\040\000/\000\040\120\117\177\156\226\217\147\072\156\070\215\160}{section.3}% 9
\BOOKMARK [1][-]{section.4}{\376\377\000E\000r\000r\000o\000r\000-\000S\000t\000a\000t\000e\000\040\000D\000y\000n\000a\000m\000i\000c\000s\000\040\000/\000\040\213\357\135\356\162\266\140\001\176\277\140\047\123\026\152\041\127\213}{}% 10
\BOOKMARK [2][-]{subsection.4.1}{\376\377\000P\000o\000s\000i\000t\000i\000o\000n\000\040\000E\000r\000r\000o\000r\000\040\000/\000\040\117\115\177\156\213\357\135\356}{section.4}% 11
\BOOKMARK [2][-]{subsection.4.2}{\376\377\000V\000e\000l\000o\000c\000i\000t\000y\000\040\000E\000r\000r\000o\000r\000\040\000/\000\040\220\037\136\246\213\357\135\356}{section.4}% 12
\BOOKMARK [2][-]{subsection.4.3}{\376\377\000A\000t\000t\000i\000t\000u\000d\000e\000\040\000E\000r\000r\000o\000r\000\040\000/\000\040\131\377\140\001\213\357\135\356}{section.4}% 13
\BOOKMARK [2][-]{subsection.4.4}{\376\377\000B\000i\000a\000s\000\040\000E\000r\000r\000o\000r\000s\000\040\000/\000\040\120\117\177\156\213\357\135\356}{section.4}% 14
\BOOKMARK [1][-]{section.5}{\376\377\000D\000i\000s\000c\000r\000e\000t\000e\000-\000T\000i\000m\000e\000\040\000P\000r\000e\000d\000i\000c\000t\000i\000o\000n\000\040\000/\000\040\171\273\145\143\230\204\155\113\152\041\127\213}{}% 15
\BOOKMARK [2][-]{subsection.5.1}{\376\377\000N\000o\000m\000i\000n\000a\000l\000\040\000p\000r\000o\000p\000a\000g\000a\000t\000i\000o\000n\000\040\000/\000\040\124\015\116\111\162\266\140\001\143\250\217\333}{section.5}% 16
\BOOKMARK [2][-]{subsection.5.2}{\376\377\000C\000o\000v\000a\000r\000i\000a\000n\000c\000e\000\040\000p\000r\000o\000p\000a\000g\000a\000t\000i\000o\000n\000\040\000/\000\040\123\117\145\271\135\356\143\250\217\333}{section.5}% 17
\BOOKMARK [1][-]{section.6}{\376\377\000D\000V\000L\000\040\000M\000e\000a\000s\000u\000r\000e\000m\000e\000n\000t\000\040\000M\000o\000d\000e\000l\000\040\000/\000\040\000D\000V\000L\000\040\155\113\221\317\152\041\127\213}{}% 18
\BOOKMARK [2][-]{subsection.6.1}{\376\377\000M\000e\000a\000s\000u\000r\000e\000m\000e\000n\000t\000\040\000F\000u\000n\000c\000t\000i\000o\000n\000\040\000/\000\040\155\113\221\317\121\375\145\160}{section.6}% 19
\BOOKMARK [2][-]{subsection.6.2}{\376\377\000J\000a\000c\000o\000b\000i\000a\000n\000\040\000/\000\040\211\302\155\113\167\351\226\065}{section.6}% 20
\BOOKMARK [2][-]{subsection.6.3}{\376\377\000K\000a\000l\000m\000a\000n\000\040\000U\000p\000d\000a\000t\000e\000\040\000/\000\040\123\141\134\024\146\374\146\364\145\260}{section.6}% 21
\BOOKMARK [1][-]{section.7}{\376\377\000E\000r\000r\000o\000r\000\040\000I\000n\000j\000e\000c\000t\000i\000o\000n\000\040\000/\000\040\213\357\135\356\154\350\121\145}{}% 22
\BOOKMARK [1][-]{section.8}{\376\377\000N\000o\000i\000s\000e\000\040\000a\000n\000d\000\040\000C\000o\000v\000a\000r\000i\000a\000n\000c\000e\000\040\000M\000o\000d\000e\000l\000s\000\040\000/\000\040\126\152\130\360\152\041\127\213\116\016\123\117\145\271\135\356\220\011\142\351}{}% 23
\BOOKMARK [1][-]{section.9}{\376\377\000T\000i\000m\000e\000b\000a\000s\000e\000\040\000/\000\040\145\366\225\364\127\372\176\337\116\000\147\072\122\066}{}% 24
\BOOKMARK [1][-]{section.10}{\376\377\000C\000o\000n\000c\000l\000u\000s\000i\000o\000n\000\040\000/\000\040\140\073\176\323}{}% 25
